[2025-01-03T13:19:15.237+0000] {processor.py:186} INFO - Started process (PID=196) to work on /opt/airflow/dags/monitoring-dag.py
[2025-01-03T13:19:15.238+0000] {processor.py:914} INFO - Processing file /opt/airflow/dags/monitoring-dag.py for tasks to queue
[2025-01-03T13:19:15.240+0000] {logging_mixin.py:190} INFO - [2025-01-03T13:19:15.239+0000] {dagbag.py:588} INFO - Filling up the DagBag from /opt/airflow/dags/monitoring-dag.py
[2025-01-03T13:19:17.955+0000] {processor.py:925} INFO - DAG(s) 'detect_data_drift_and_notify' retrieved from /opt/airflow/dags/monitoring-dag.py
[2025-01-03T13:19:17.969+0000] {logging_mixin.py:190} INFO - [2025-01-03T13:19:17.969+0000] {dag.py:3239} INFO - Sync 1 DAGs
[2025-01-03T13:19:17.999+0000] {processor.py:208} INFO - Processing /opt/airflow/dags/monitoring-dag.py took 2.767 seconds
[2025-01-03T13:19:48.223+0000] {processor.py:186} INFO - Started process (PID=223) to work on /opt/airflow/dags/monitoring-dag.py
[2025-01-03T13:19:48.224+0000] {processor.py:914} INFO - Processing file /opt/airflow/dags/monitoring-dag.py for tasks to queue
[2025-01-03T13:19:48.228+0000] {logging_mixin.py:190} INFO - [2025-01-03T13:19:48.227+0000] {dagbag.py:588} INFO - Filling up the DagBag from /opt/airflow/dags/monitoring-dag.py
[2025-01-03T13:19:50.842+0000] {processor.py:925} INFO - DAG(s) 'detect_data_drift_and_notify' retrieved from /opt/airflow/dags/monitoring-dag.py
[2025-01-03T13:19:50.855+0000] {logging_mixin.py:190} INFO - [2025-01-03T13:19:50.855+0000] {dag.py:3239} INFO - Sync 1 DAGs
[2025-01-03T13:19:50.889+0000] {processor.py:208} INFO - Processing /opt/airflow/dags/monitoring-dag.py took 2.671 seconds
[2025-01-03T13:20:21.003+0000] {processor.py:186} INFO - Started process (PID=250) to work on /opt/airflow/dags/monitoring-dag.py
[2025-01-03T13:20:21.004+0000] {processor.py:914} INFO - Processing file /opt/airflow/dags/monitoring-dag.py for tasks to queue
[2025-01-03T13:20:21.006+0000] {logging_mixin.py:190} INFO - [2025-01-03T13:20:21.006+0000] {dagbag.py:588} INFO - Filling up the DagBag from /opt/airflow/dags/monitoring-dag.py
[2025-01-03T13:20:23.566+0000] {processor.py:925} INFO - DAG(s) 'detect_data_drift_and_notify' retrieved from /opt/airflow/dags/monitoring-dag.py
[2025-01-03T13:20:23.578+0000] {logging_mixin.py:190} INFO - [2025-01-03T13:20:23.577+0000] {dag.py:3239} INFO - Sync 1 DAGs
[2025-01-03T13:20:23.604+0000] {processor.py:208} INFO - Processing /opt/airflow/dags/monitoring-dag.py took 2.606 seconds
[2025-01-03T13:20:53.968+0000] {processor.py:186} INFO - Started process (PID=277) to work on /opt/airflow/dags/monitoring-dag.py
[2025-01-03T13:20:53.969+0000] {processor.py:914} INFO - Processing file /opt/airflow/dags/monitoring-dag.py for tasks to queue
[2025-01-03T13:20:53.972+0000] {logging_mixin.py:190} INFO - [2025-01-03T13:20:53.971+0000] {dagbag.py:588} INFO - Filling up the DagBag from /opt/airflow/dags/monitoring-dag.py
[2025-01-03T13:20:56.833+0000] {processor.py:925} INFO - DAG(s) 'detect_data_drift_and_notify' retrieved from /opt/airflow/dags/monitoring-dag.py
[2025-01-03T13:20:56.846+0000] {logging_mixin.py:190} INFO - [2025-01-03T13:20:56.845+0000] {dag.py:3239} INFO - Sync 1 DAGs
[2025-01-03T13:20:56.876+0000] {processor.py:208} INFO - Processing /opt/airflow/dags/monitoring-dag.py took 2.913 seconds
[2025-01-03T13:21:27.088+0000] {processor.py:186} INFO - Started process (PID=304) to work on /opt/airflow/dags/monitoring-dag.py
[2025-01-03T13:21:27.089+0000] {processor.py:914} INFO - Processing file /opt/airflow/dags/monitoring-dag.py for tasks to queue
[2025-01-03T13:21:27.091+0000] {logging_mixin.py:190} INFO - [2025-01-03T13:21:27.091+0000] {dagbag.py:588} INFO - Filling up the DagBag from /opt/airflow/dags/monitoring-dag.py
[2025-01-03T13:21:29.591+0000] {processor.py:925} INFO - DAG(s) 'detect_data_drift_and_notify' retrieved from /opt/airflow/dags/monitoring-dag.py
[2025-01-03T13:21:29.601+0000] {logging_mixin.py:190} INFO - [2025-01-03T13:21:29.601+0000] {dag.py:3239} INFO - Sync 1 DAGs
[2025-01-03T13:21:29.629+0000] {processor.py:208} INFO - Processing /opt/airflow/dags/monitoring-dag.py took 2.546 seconds
[2025-01-03T13:21:59.726+0000] {processor.py:186} INFO - Started process (PID=331) to work on /opt/airflow/dags/monitoring-dag.py
[2025-01-03T13:21:59.727+0000] {processor.py:914} INFO - Processing file /opt/airflow/dags/monitoring-dag.py for tasks to queue
[2025-01-03T13:21:59.729+0000] {logging_mixin.py:190} INFO - [2025-01-03T13:21:59.729+0000] {dagbag.py:588} INFO - Filling up the DagBag from /opt/airflow/dags/monitoring-dag.py
[2025-01-03T13:22:02.373+0000] {processor.py:925} INFO - DAG(s) 'detect_data_drift_and_notify' retrieved from /opt/airflow/dags/monitoring-dag.py
[2025-01-03T13:22:02.387+0000] {logging_mixin.py:190} INFO - [2025-01-03T13:22:02.387+0000] {dag.py:3239} INFO - Sync 1 DAGs
[2025-01-03T13:22:02.429+0000] {processor.py:208} INFO - Processing /opt/airflow/dags/monitoring-dag.py took 2.708 seconds
[2025-01-03T13:22:32.665+0000] {processor.py:186} INFO - Started process (PID=364) to work on /opt/airflow/dags/monitoring-dag.py
[2025-01-03T13:22:32.667+0000] {processor.py:914} INFO - Processing file /opt/airflow/dags/monitoring-dag.py for tasks to queue
[2025-01-03T13:22:32.669+0000] {logging_mixin.py:190} INFO - [2025-01-03T13:22:32.669+0000] {dagbag.py:588} INFO - Filling up the DagBag from /opt/airflow/dags/monitoring-dag.py
[2025-01-03T13:22:35.410+0000] {processor.py:925} INFO - DAG(s) 'detect_data_drift_and_notify' retrieved from /opt/airflow/dags/monitoring-dag.py
[2025-01-03T13:22:35.422+0000] {logging_mixin.py:190} INFO - [2025-01-03T13:22:35.422+0000] {dag.py:3239} INFO - Sync 1 DAGs
[2025-01-03T13:22:35.453+0000] {processor.py:208} INFO - Processing /opt/airflow/dags/monitoring-dag.py took 2.794 seconds
[2025-01-03T13:23:05.696+0000] {processor.py:186} INFO - Started process (PID=391) to work on /opt/airflow/dags/monitoring-dag.py
[2025-01-03T13:23:05.698+0000] {processor.py:914} INFO - Processing file /opt/airflow/dags/monitoring-dag.py for tasks to queue
[2025-01-03T13:23:05.700+0000] {logging_mixin.py:190} INFO - [2025-01-03T13:23:05.699+0000] {dagbag.py:588} INFO - Filling up the DagBag from /opt/airflow/dags/monitoring-dag.py
[2025-01-03T13:23:08.186+0000] {processor.py:925} INFO - DAG(s) 'detect_data_drift_and_notify' retrieved from /opt/airflow/dags/monitoring-dag.py
[2025-01-03T13:23:08.199+0000] {logging_mixin.py:190} INFO - [2025-01-03T13:23:08.199+0000] {dag.py:3239} INFO - Sync 1 DAGs
[2025-01-03T13:23:08.231+0000] {processor.py:208} INFO - Processing /opt/airflow/dags/monitoring-dag.py took 2.541 seconds
[2025-01-03T13:23:38.453+0000] {processor.py:186} INFO - Started process (PID=418) to work on /opt/airflow/dags/monitoring-dag.py
[2025-01-03T13:23:38.454+0000] {processor.py:914} INFO - Processing file /opt/airflow/dags/monitoring-dag.py for tasks to queue
[2025-01-03T13:23:38.456+0000] {logging_mixin.py:190} INFO - [2025-01-03T13:23:38.456+0000] {dagbag.py:588} INFO - Filling up the DagBag from /opt/airflow/dags/monitoring-dag.py
[2025-01-03T13:23:41.032+0000] {processor.py:925} INFO - DAG(s) 'detect_data_drift_and_notify' retrieved from /opt/airflow/dags/monitoring-dag.py
[2025-01-03T13:23:41.044+0000] {logging_mixin.py:190} INFO - [2025-01-03T13:23:41.044+0000] {dag.py:3239} INFO - Sync 1 DAGs
[2025-01-03T13:23:41.073+0000] {processor.py:208} INFO - Processing /opt/airflow/dags/monitoring-dag.py took 2.624 seconds
[2025-01-03T13:24:11.330+0000] {processor.py:186} INFO - Started process (PID=445) to work on /opt/airflow/dags/monitoring-dag.py
[2025-01-03T13:24:11.332+0000] {processor.py:914} INFO - Processing file /opt/airflow/dags/monitoring-dag.py for tasks to queue
[2025-01-03T13:24:11.334+0000] {logging_mixin.py:190} INFO - [2025-01-03T13:24:11.334+0000] {dagbag.py:588} INFO - Filling up the DagBag from /opt/airflow/dags/monitoring-dag.py
[2025-01-03T13:24:14.028+0000] {processor.py:925} INFO - DAG(s) 'detect_data_drift_and_notify' retrieved from /opt/airflow/dags/monitoring-dag.py
[2025-01-03T13:24:14.039+0000] {logging_mixin.py:190} INFO - [2025-01-03T13:24:14.038+0000] {dag.py:3239} INFO - Sync 1 DAGs
[2025-01-03T13:24:14.068+0000] {processor.py:208} INFO - Processing /opt/airflow/dags/monitoring-dag.py took 2.743 seconds
[2025-01-03T13:24:44.293+0000] {processor.py:186} INFO - Started process (PID=472) to work on /opt/airflow/dags/monitoring-dag.py
[2025-01-03T13:24:44.294+0000] {processor.py:914} INFO - Processing file /opt/airflow/dags/monitoring-dag.py for tasks to queue
[2025-01-03T13:24:44.296+0000] {logging_mixin.py:190} INFO - [2025-01-03T13:24:44.295+0000] {dagbag.py:588} INFO - Filling up the DagBag from /opt/airflow/dags/monitoring-dag.py
[2025-01-03T13:24:47.020+0000] {processor.py:925} INFO - DAG(s) 'detect_data_drift_and_notify' retrieved from /opt/airflow/dags/monitoring-dag.py
[2025-01-03T13:24:47.032+0000] {logging_mixin.py:190} INFO - [2025-01-03T13:24:47.032+0000] {dag.py:3239} INFO - Sync 1 DAGs
[2025-01-03T13:24:47.062+0000] {processor.py:208} INFO - Processing /opt/airflow/dags/monitoring-dag.py took 2.775 seconds
[2025-01-03T13:25:17.290+0000] {processor.py:186} INFO - Started process (PID=499) to work on /opt/airflow/dags/monitoring-dag.py
[2025-01-03T13:25:17.291+0000] {processor.py:914} INFO - Processing file /opt/airflow/dags/monitoring-dag.py for tasks to queue
[2025-01-03T13:25:17.293+0000] {logging_mixin.py:190} INFO - [2025-01-03T13:25:17.292+0000] {dagbag.py:588} INFO - Filling up the DagBag from /opt/airflow/dags/monitoring-dag.py
[2025-01-03T13:25:19.790+0000] {processor.py:925} INFO - DAG(s) 'detect_data_drift_and_notify' retrieved from /opt/airflow/dags/monitoring-dag.py
[2025-01-03T13:25:19.801+0000] {logging_mixin.py:190} INFO - [2025-01-03T13:25:19.800+0000] {dag.py:3239} INFO - Sync 1 DAGs
[2025-01-03T13:25:19.831+0000] {processor.py:208} INFO - Processing /opt/airflow/dags/monitoring-dag.py took 2.546 seconds
[2025-01-03T13:25:50.062+0000] {processor.py:186} INFO - Started process (PID=526) to work on /opt/airflow/dags/monitoring-dag.py
[2025-01-03T13:25:50.062+0000] {processor.py:914} INFO - Processing file /opt/airflow/dags/monitoring-dag.py for tasks to queue
[2025-01-03T13:25:50.064+0000] {logging_mixin.py:190} INFO - [2025-01-03T13:25:50.064+0000] {dagbag.py:588} INFO - Filling up the DagBag from /opt/airflow/dags/monitoring-dag.py
[2025-01-03T13:25:52.746+0000] {processor.py:925} INFO - DAG(s) 'detect_data_drift_and_notify' retrieved from /opt/airflow/dags/monitoring-dag.py
[2025-01-03T13:25:52.759+0000] {logging_mixin.py:190} INFO - [2025-01-03T13:25:52.758+0000] {dag.py:3239} INFO - Sync 1 DAGs
[2025-01-03T13:25:52.789+0000] {processor.py:208} INFO - Processing /opt/airflow/dags/monitoring-dag.py took 2.733 seconds
[2025-01-03T13:26:22.999+0000] {processor.py:186} INFO - Started process (PID=552) to work on /opt/airflow/dags/monitoring-dag.py
[2025-01-03T13:26:23.000+0000] {processor.py:914} INFO - Processing file /opt/airflow/dags/monitoring-dag.py for tasks to queue
[2025-01-03T13:26:23.002+0000] {logging_mixin.py:190} INFO - [2025-01-03T13:26:23.002+0000] {dagbag.py:588} INFO - Filling up the DagBag from /opt/airflow/dags/monitoring-dag.py
[2025-01-03T13:26:25.597+0000] {processor.py:925} INFO - DAG(s) 'detect_data_drift_and_notify' retrieved from /opt/airflow/dags/monitoring-dag.py
[2025-01-03T13:26:25.610+0000] {logging_mixin.py:190} INFO - [2025-01-03T13:26:25.609+0000] {dag.py:3239} INFO - Sync 1 DAGs
[2025-01-03T13:26:25.641+0000] {processor.py:208} INFO - Processing /opt/airflow/dags/monitoring-dag.py took 2.647 seconds
[2025-01-03T13:26:55.917+0000] {processor.py:186} INFO - Started process (PID=579) to work on /opt/airflow/dags/monitoring-dag.py
[2025-01-03T13:26:55.918+0000] {processor.py:914} INFO - Processing file /opt/airflow/dags/monitoring-dag.py for tasks to queue
[2025-01-03T13:26:55.920+0000] {logging_mixin.py:190} INFO - [2025-01-03T13:26:55.919+0000] {dagbag.py:588} INFO - Filling up the DagBag from /opt/airflow/dags/monitoring-dag.py
[2025-01-03T13:26:58.685+0000] {processor.py:925} INFO - DAG(s) 'detect_data_drift_and_notify' retrieved from /opt/airflow/dags/monitoring-dag.py
[2025-01-03T13:26:58.700+0000] {logging_mixin.py:190} INFO - [2025-01-03T13:26:58.700+0000] {dag.py:3239} INFO - Sync 1 DAGs
[2025-01-03T13:26:58.731+0000] {processor.py:208} INFO - Processing /opt/airflow/dags/monitoring-dag.py took 2.821 seconds
[2025-01-03T13:31:12.982+0000] {processor.py:186} INFO - Started process (PID=54) to work on /opt/airflow/dags/monitoring-dag.py
[2025-01-03T13:31:12.984+0000] {processor.py:914} INFO - Processing file /opt/airflow/dags/monitoring-dag.py for tasks to queue
[2025-01-03T13:31:12.986+0000] {logging_mixin.py:190} INFO - [2025-01-03T13:31:12.985+0000] {dagbag.py:588} INFO - Filling up the DagBag from /opt/airflow/dags/monitoring-dag.py
[2025-01-03T13:31:16.703+0000] {processor.py:925} INFO - DAG(s) 'detect_data_drift_and_notify' retrieved from /opt/airflow/dags/monitoring-dag.py
[2025-01-03T13:31:16.726+0000] {logging_mixin.py:190} INFO - [2025-01-03T13:31:16.726+0000] {dag.py:3239} INFO - Sync 1 DAGs
[2025-01-03T13:31:16.756+0000] {processor.py:208} INFO - Processing /opt/airflow/dags/monitoring-dag.py took 3.779 seconds
[2025-01-03T13:31:46.981+0000] {processor.py:186} INFO - Started process (PID=87) to work on /opt/airflow/dags/monitoring-dag.py
[2025-01-03T13:31:46.982+0000] {processor.py:914} INFO - Processing file /opt/airflow/dags/monitoring-dag.py for tasks to queue
[2025-01-03T13:31:46.984+0000] {logging_mixin.py:190} INFO - [2025-01-03T13:31:46.984+0000] {dagbag.py:588} INFO - Filling up the DagBag from /opt/airflow/dags/monitoring-dag.py
[2025-01-03T13:31:49.718+0000] {processor.py:925} INFO - DAG(s) 'detect_data_drift_and_notify' retrieved from /opt/airflow/dags/monitoring-dag.py
[2025-01-03T13:31:49.731+0000] {logging_mixin.py:190} INFO - [2025-01-03T13:31:49.730+0000] {dag.py:3239} INFO - Sync 1 DAGs
[2025-01-03T13:31:49.764+0000] {processor.py:208} INFO - Processing /opt/airflow/dags/monitoring-dag.py took 2.787 seconds
[2025-01-03T13:32:20.116+0000] {processor.py:186} INFO - Started process (PID=114) to work on /opt/airflow/dags/monitoring-dag.py
[2025-01-03T13:32:20.118+0000] {processor.py:914} INFO - Processing file /opt/airflow/dags/monitoring-dag.py for tasks to queue
[2025-01-03T13:32:20.120+0000] {logging_mixin.py:190} INFO - [2025-01-03T13:32:20.120+0000] {dagbag.py:588} INFO - Filling up the DagBag from /opt/airflow/dags/monitoring-dag.py
[2025-01-03T13:32:22.760+0000] {processor.py:925} INFO - DAG(s) 'detect_data_drift_and_notify' retrieved from /opt/airflow/dags/monitoring-dag.py
[2025-01-03T13:32:22.771+0000] {logging_mixin.py:190} INFO - [2025-01-03T13:32:22.770+0000] {dag.py:3239} INFO - Sync 1 DAGs
[2025-01-03T13:32:22.799+0000] {processor.py:208} INFO - Processing /opt/airflow/dags/monitoring-dag.py took 2.688 seconds
[2025-01-03T13:32:53.033+0000] {processor.py:186} INFO - Started process (PID=141) to work on /opt/airflow/dags/monitoring-dag.py
[2025-01-03T13:32:53.034+0000] {processor.py:914} INFO - Processing file /opt/airflow/dags/monitoring-dag.py for tasks to queue
[2025-01-03T13:32:53.037+0000] {logging_mixin.py:190} INFO - [2025-01-03T13:32:53.036+0000] {dagbag.py:588} INFO - Filling up the DagBag from /opt/airflow/dags/monitoring-dag.py
[2025-01-03T13:32:55.660+0000] {processor.py:925} INFO - DAG(s) 'detect_data_drift_and_notify' retrieved from /opt/airflow/dags/monitoring-dag.py
[2025-01-03T13:32:55.671+0000] {logging_mixin.py:190} INFO - [2025-01-03T13:32:55.671+0000] {dag.py:3239} INFO - Sync 1 DAGs
[2025-01-03T13:32:55.700+0000] {processor.py:208} INFO - Processing /opt/airflow/dags/monitoring-dag.py took 2.672 seconds
[2025-01-03T13:33:25.793+0000] {processor.py:186} INFO - Started process (PID=168) to work on /opt/airflow/dags/monitoring-dag.py
[2025-01-03T13:33:25.794+0000] {processor.py:914} INFO - Processing file /opt/airflow/dags/monitoring-dag.py for tasks to queue
[2025-01-03T13:33:25.796+0000] {logging_mixin.py:190} INFO - [2025-01-03T13:33:25.796+0000] {dagbag.py:588} INFO - Filling up the DagBag from /opt/airflow/dags/monitoring-dag.py
[2025-01-03T13:33:28.252+0000] {processor.py:925} INFO - DAG(s) 'detect_data_drift_and_notify' retrieved from /opt/airflow/dags/monitoring-dag.py
[2025-01-03T13:33:28.264+0000] {logging_mixin.py:190} INFO - [2025-01-03T13:33:28.264+0000] {dag.py:3239} INFO - Sync 1 DAGs
[2025-01-03T13:33:28.290+0000] {processor.py:208} INFO - Processing /opt/airflow/dags/monitoring-dag.py took 2.502 seconds
[2025-01-03T13:33:58.504+0000] {processor.py:186} INFO - Started process (PID=195) to work on /opt/airflow/dags/monitoring-dag.py
[2025-01-03T13:33:58.505+0000] {processor.py:914} INFO - Processing file /opt/airflow/dags/monitoring-dag.py for tasks to queue
[2025-01-03T13:33:58.507+0000] {logging_mixin.py:190} INFO - [2025-01-03T13:33:58.506+0000] {dagbag.py:588} INFO - Filling up the DagBag from /opt/airflow/dags/monitoring-dag.py
[2025-01-03T13:34:01.290+0000] {processor.py:925} INFO - DAG(s) 'detect_data_drift_and_notify' retrieved from /opt/airflow/dags/monitoring-dag.py
[2025-01-03T13:34:01.301+0000] {logging_mixin.py:190} INFO - [2025-01-03T13:34:01.301+0000] {dag.py:3239} INFO - Sync 1 DAGs
[2025-01-03T13:34:01.330+0000] {processor.py:208} INFO - Processing /opt/airflow/dags/monitoring-dag.py took 2.830 seconds
[2025-01-03T13:34:31.379+0000] {processor.py:186} INFO - Started process (PID=222) to work on /opt/airflow/dags/monitoring-dag.py
[2025-01-03T13:34:31.380+0000] {processor.py:914} INFO - Processing file /opt/airflow/dags/monitoring-dag.py for tasks to queue
[2025-01-03T13:34:31.382+0000] {logging_mixin.py:190} INFO - [2025-01-03T13:34:31.382+0000] {dagbag.py:588} INFO - Filling up the DagBag from /opt/airflow/dags/monitoring-dag.py
[2025-01-03T13:34:34.205+0000] {processor.py:925} INFO - DAG(s) 'detect_data_drift_and_notify' retrieved from /opt/airflow/dags/monitoring-dag.py
[2025-01-03T13:34:34.218+0000] {logging_mixin.py:190} INFO - [2025-01-03T13:34:34.217+0000] {dag.py:3239} INFO - Sync 1 DAGs
[2025-01-03T13:34:34.250+0000] {processor.py:208} INFO - Processing /opt/airflow/dags/monitoring-dag.py took 2.875 seconds
[2025-01-03T13:35:04.488+0000] {processor.py:186} INFO - Started process (PID=249) to work on /opt/airflow/dags/monitoring-dag.py
[2025-01-03T13:35:04.489+0000] {processor.py:914} INFO - Processing file /opt/airflow/dags/monitoring-dag.py for tasks to queue
[2025-01-03T13:35:04.491+0000] {logging_mixin.py:190} INFO - [2025-01-03T13:35:04.490+0000] {dagbag.py:588} INFO - Filling up the DagBag from /opt/airflow/dags/monitoring-dag.py
[2025-01-03T13:35:07.031+0000] {processor.py:925} INFO - DAG(s) 'detect_data_drift_and_notify' retrieved from /opt/airflow/dags/monitoring-dag.py
[2025-01-03T13:35:07.043+0000] {logging_mixin.py:190} INFO - [2025-01-03T13:35:07.043+0000] {dag.py:3239} INFO - Sync 1 DAGs
[2025-01-03T13:35:07.072+0000] {processor.py:208} INFO - Processing /opt/airflow/dags/monitoring-dag.py took 2.589 seconds
[2025-01-03T13:35:37.412+0000] {processor.py:186} INFO - Started process (PID=276) to work on /opt/airflow/dags/monitoring-dag.py
[2025-01-03T13:35:37.413+0000] {processor.py:914} INFO - Processing file /opt/airflow/dags/monitoring-dag.py for tasks to queue
[2025-01-03T13:35:37.415+0000] {logging_mixin.py:190} INFO - [2025-01-03T13:35:37.415+0000] {dagbag.py:588} INFO - Filling up the DagBag from /opt/airflow/dags/monitoring-dag.py
[2025-01-03T13:35:39.887+0000] {processor.py:925} INFO - DAG(s) 'detect_data_drift_and_notify' retrieved from /opt/airflow/dags/monitoring-dag.py
[2025-01-03T13:35:39.898+0000] {logging_mixin.py:190} INFO - [2025-01-03T13:35:39.898+0000] {dag.py:3239} INFO - Sync 1 DAGs
[2025-01-03T13:35:39.927+0000] {processor.py:208} INFO - Processing /opt/airflow/dags/monitoring-dag.py took 2.523 seconds
[2025-01-03T13:36:10.163+0000] {processor.py:186} INFO - Started process (PID=303) to work on /opt/airflow/dags/monitoring-dag.py
[2025-01-03T13:36:10.164+0000] {processor.py:914} INFO - Processing file /opt/airflow/dags/monitoring-dag.py for tasks to queue
[2025-01-03T13:36:10.167+0000] {logging_mixin.py:190} INFO - [2025-01-03T13:36:10.166+0000] {dagbag.py:588} INFO - Filling up the DagBag from /opt/airflow/dags/monitoring-dag.py
[2025-01-03T13:36:12.671+0000] {processor.py:925} INFO - DAG(s) 'detect_data_drift_and_notify' retrieved from /opt/airflow/dags/monitoring-dag.py
[2025-01-03T13:36:12.682+0000] {logging_mixin.py:190} INFO - [2025-01-03T13:36:12.682+0000] {dag.py:3239} INFO - Sync 1 DAGs
[2025-01-03T13:36:12.715+0000] {processor.py:208} INFO - Processing /opt/airflow/dags/monitoring-dag.py took 2.556 seconds
[2025-01-03T13:36:42.860+0000] {processor.py:186} INFO - Started process (PID=330) to work on /opt/airflow/dags/monitoring-dag.py
[2025-01-03T13:36:42.861+0000] {processor.py:914} INFO - Processing file /opt/airflow/dags/monitoring-dag.py for tasks to queue
[2025-01-03T13:36:42.863+0000] {logging_mixin.py:190} INFO - [2025-01-03T13:36:42.862+0000] {dagbag.py:588} INFO - Filling up the DagBag from /opt/airflow/dags/monitoring-dag.py
[2025-01-03T13:36:45.315+0000] {processor.py:925} INFO - DAG(s) 'detect_data_drift_and_notify' retrieved from /opt/airflow/dags/monitoring-dag.py
[2025-01-03T13:36:45.326+0000] {logging_mixin.py:190} INFO - [2025-01-03T13:36:45.326+0000] {dag.py:3239} INFO - Sync 1 DAGs
[2025-01-03T13:36:45.354+0000] {processor.py:208} INFO - Processing /opt/airflow/dags/monitoring-dag.py took 2.499 seconds
[2025-01-03T13:37:15.587+0000] {processor.py:186} INFO - Started process (PID=363) to work on /opt/airflow/dags/monitoring-dag.py
[2025-01-03T13:37:15.588+0000] {processor.py:914} INFO - Processing file /opt/airflow/dags/monitoring-dag.py for tasks to queue
[2025-01-03T13:37:15.590+0000] {logging_mixin.py:190} INFO - [2025-01-03T13:37:15.589+0000] {dagbag.py:588} INFO - Filling up the DagBag from /opt/airflow/dags/monitoring-dag.py
[2025-01-03T13:37:18.102+0000] {processor.py:925} INFO - DAG(s) 'detect_data_drift_and_notify' retrieved from /opt/airflow/dags/monitoring-dag.py
[2025-01-03T13:37:18.112+0000] {logging_mixin.py:190} INFO - [2025-01-03T13:37:18.112+0000] {dag.py:3239} INFO - Sync 1 DAGs
[2025-01-03T13:37:18.137+0000] {processor.py:208} INFO - Processing /opt/airflow/dags/monitoring-dag.py took 2.556 seconds
[2025-01-03T13:37:48.322+0000] {processor.py:186} INFO - Started process (PID=390) to work on /opt/airflow/dags/monitoring-dag.py
[2025-01-03T13:37:48.324+0000] {processor.py:914} INFO - Processing file /opt/airflow/dags/monitoring-dag.py for tasks to queue
[2025-01-03T13:37:48.326+0000] {logging_mixin.py:190} INFO - [2025-01-03T13:37:48.326+0000] {dagbag.py:588} INFO - Filling up the DagBag from /opt/airflow/dags/monitoring-dag.py
[2025-01-03T13:37:50.774+0000] {processor.py:925} INFO - DAG(s) 'detect_data_drift_and_notify' retrieved from /opt/airflow/dags/monitoring-dag.py
[2025-01-03T13:37:50.784+0000] {logging_mixin.py:190} INFO - [2025-01-03T13:37:50.784+0000] {dag.py:3239} INFO - Sync 1 DAGs
[2025-01-03T13:37:50.811+0000] {processor.py:208} INFO - Processing /opt/airflow/dags/monitoring-dag.py took 2.494 seconds
[2025-01-03T13:38:21.043+0000] {processor.py:186} INFO - Started process (PID=417) to work on /opt/airflow/dags/monitoring-dag.py
[2025-01-03T13:38:21.044+0000] {processor.py:914} INFO - Processing file /opt/airflow/dags/monitoring-dag.py for tasks to queue
[2025-01-03T13:38:21.046+0000] {logging_mixin.py:190} INFO - [2025-01-03T13:38:21.046+0000] {dagbag.py:588} INFO - Filling up the DagBag from /opt/airflow/dags/monitoring-dag.py
[2025-01-03T13:38:23.727+0000] {processor.py:925} INFO - DAG(s) 'detect_data_drift_and_notify' retrieved from /opt/airflow/dags/monitoring-dag.py
[2025-01-03T13:38:23.739+0000] {logging_mixin.py:190} INFO - [2025-01-03T13:38:23.739+0000] {dag.py:3239} INFO - Sync 1 DAGs
[2025-01-03T13:38:23.768+0000] {processor.py:208} INFO - Processing /opt/airflow/dags/monitoring-dag.py took 2.731 seconds
[2025-01-03T13:38:54.013+0000] {processor.py:186} INFO - Started process (PID=444) to work on /opt/airflow/dags/monitoring-dag.py
[2025-01-03T13:38:54.015+0000] {processor.py:914} INFO - Processing file /opt/airflow/dags/monitoring-dag.py for tasks to queue
[2025-01-03T13:38:54.018+0000] {logging_mixin.py:190} INFO - [2025-01-03T13:38:54.018+0000] {dagbag.py:588} INFO - Filling up the DagBag from /opt/airflow/dags/monitoring-dag.py
[2025-01-03T13:38:56.558+0000] {processor.py:925} INFO - DAG(s) 'detect_data_drift_and_notify' retrieved from /opt/airflow/dags/monitoring-dag.py
[2025-01-03T13:38:56.568+0000] {logging_mixin.py:190} INFO - [2025-01-03T13:38:56.568+0000] {dag.py:3239} INFO - Sync 1 DAGs
[2025-01-03T13:38:56.596+0000] {processor.py:208} INFO - Processing /opt/airflow/dags/monitoring-dag.py took 2.589 seconds
[2025-01-03T13:39:26.808+0000] {processor.py:186} INFO - Started process (PID=471) to work on /opt/airflow/dags/monitoring-dag.py
[2025-01-03T13:39:26.809+0000] {processor.py:914} INFO - Processing file /opt/airflow/dags/monitoring-dag.py for tasks to queue
[2025-01-03T13:39:26.811+0000] {logging_mixin.py:190} INFO - [2025-01-03T13:39:26.811+0000] {dagbag.py:588} INFO - Filling up the DagBag from /opt/airflow/dags/monitoring-dag.py
[2025-01-03T13:39:29.363+0000] {processor.py:925} INFO - DAG(s) 'detect_data_drift_and_notify' retrieved from /opt/airflow/dags/monitoring-dag.py
[2025-01-03T13:39:29.377+0000] {logging_mixin.py:190} INFO - [2025-01-03T13:39:29.376+0000] {dag.py:3239} INFO - Sync 1 DAGs
[2025-01-03T13:39:29.411+0000] {processor.py:208} INFO - Processing /opt/airflow/dags/monitoring-dag.py took 2.608 seconds
[2025-01-03T13:39:59.608+0000] {processor.py:186} INFO - Started process (PID=498) to work on /opt/airflow/dags/monitoring-dag.py
[2025-01-03T13:39:59.609+0000] {processor.py:914} INFO - Processing file /opt/airflow/dags/monitoring-dag.py for tasks to queue
[2025-01-03T13:39:59.612+0000] {logging_mixin.py:190} INFO - [2025-01-03T13:39:59.612+0000] {dagbag.py:588} INFO - Filling up the DagBag from /opt/airflow/dags/monitoring-dag.py
[2025-01-03T13:40:02.453+0000] {processor.py:925} INFO - DAG(s) 'detect_data_drift_and_notify' retrieved from /opt/airflow/dags/monitoring-dag.py
[2025-01-03T13:40:02.465+0000] {logging_mixin.py:190} INFO - [2025-01-03T13:40:02.464+0000] {dag.py:3239} INFO - Sync 1 DAGs
[2025-01-03T13:40:02.496+0000] {processor.py:208} INFO - Processing /opt/airflow/dags/monitoring-dag.py took 2.892 seconds
[2025-01-03T13:40:32.596+0000] {processor.py:186} INFO - Started process (PID=525) to work on /opt/airflow/dags/monitoring-dag.py
[2025-01-03T13:40:32.597+0000] {processor.py:914} INFO - Processing file /opt/airflow/dags/monitoring-dag.py for tasks to queue
[2025-01-03T13:40:32.600+0000] {logging_mixin.py:190} INFO - [2025-01-03T13:40:32.599+0000] {dagbag.py:588} INFO - Filling up the DagBag from /opt/airflow/dags/monitoring-dag.py
[2025-01-03T13:40:35.186+0000] {processor.py:925} INFO - DAG(s) 'detect_data_drift_and_notify' retrieved from /opt/airflow/dags/monitoring-dag.py
[2025-01-03T13:40:35.199+0000] {logging_mixin.py:190} INFO - [2025-01-03T13:40:35.198+0000] {dag.py:3239} INFO - Sync 1 DAGs
[2025-01-03T13:40:35.231+0000] {processor.py:208} INFO - Processing /opt/airflow/dags/monitoring-dag.py took 2.640 seconds
[2025-01-03T13:41:05.461+0000] {processor.py:186} INFO - Started process (PID=552) to work on /opt/airflow/dags/monitoring-dag.py
[2025-01-03T13:41:05.462+0000] {processor.py:914} INFO - Processing file /opt/airflow/dags/monitoring-dag.py for tasks to queue
[2025-01-03T13:41:05.464+0000] {logging_mixin.py:190} INFO - [2025-01-03T13:41:05.464+0000] {dagbag.py:588} INFO - Filling up the DagBag from /opt/airflow/dags/monitoring-dag.py
[2025-01-03T13:41:07.839+0000] {processor.py:925} INFO - DAG(s) 'detect_data_drift_and_notify' retrieved from /opt/airflow/dags/monitoring-dag.py
[2025-01-03T13:41:07.850+0000] {logging_mixin.py:190} INFO - [2025-01-03T13:41:07.850+0000] {dag.py:3239} INFO - Sync 1 DAGs
[2025-01-03T13:41:07.877+0000] {processor.py:208} INFO - Processing /opt/airflow/dags/monitoring-dag.py took 2.421 seconds
[2025-01-03T13:41:38.133+0000] {processor.py:186} INFO - Started process (PID=579) to work on /opt/airflow/dags/monitoring-dag.py
[2025-01-03T13:41:38.134+0000] {processor.py:914} INFO - Processing file /opt/airflow/dags/monitoring-dag.py for tasks to queue
[2025-01-03T13:41:38.137+0000] {logging_mixin.py:190} INFO - [2025-01-03T13:41:38.136+0000] {dagbag.py:588} INFO - Filling up the DagBag from /opt/airflow/dags/monitoring-dag.py
[2025-01-03T13:41:40.668+0000] {processor.py:925} INFO - DAG(s) 'detect_data_drift_and_notify' retrieved from /opt/airflow/dags/monitoring-dag.py
[2025-01-03T13:41:40.682+0000] {logging_mixin.py:190} INFO - [2025-01-03T13:41:40.681+0000] {dag.py:3239} INFO - Sync 1 DAGs
[2025-01-03T13:41:40.713+0000] {processor.py:208} INFO - Processing /opt/airflow/dags/monitoring-dag.py took 2.585 seconds
[2025-01-03T13:42:10.932+0000] {processor.py:186} INFO - Started process (PID=607) to work on /opt/airflow/dags/monitoring-dag.py
[2025-01-03T13:42:10.933+0000] {processor.py:914} INFO - Processing file /opt/airflow/dags/monitoring-dag.py for tasks to queue
[2025-01-03T13:42:10.935+0000] {logging_mixin.py:190} INFO - [2025-01-03T13:42:10.935+0000] {dagbag.py:588} INFO - Filling up the DagBag from /opt/airflow/dags/monitoring-dag.py
[2025-01-03T13:42:13.846+0000] {processor.py:925} INFO - DAG(s) 'detect_data_drift_and_notify' retrieved from /opt/airflow/dags/monitoring-dag.py
[2025-01-03T13:42:13.865+0000] {logging_mixin.py:190} INFO - [2025-01-03T13:42:13.865+0000] {dag.py:3239} INFO - Sync 1 DAGs
[2025-01-03T13:42:13.901+0000] {processor.py:208} INFO - Processing /opt/airflow/dags/monitoring-dag.py took 2.974 seconds
[2025-01-03T13:42:44.139+0000] {processor.py:186} INFO - Started process (PID=634) to work on /opt/airflow/dags/monitoring-dag.py
[2025-01-03T13:42:44.140+0000] {processor.py:914} INFO - Processing file /opt/airflow/dags/monitoring-dag.py for tasks to queue
[2025-01-03T13:42:44.142+0000] {logging_mixin.py:190} INFO - [2025-01-03T13:42:44.141+0000] {dagbag.py:588} INFO - Filling up the DagBag from /opt/airflow/dags/monitoring-dag.py
[2025-01-03T13:42:46.643+0000] {processor.py:925} INFO - DAG(s) 'detect_data_drift_and_notify' retrieved from /opt/airflow/dags/monitoring-dag.py
[2025-01-03T13:42:46.654+0000] {logging_mixin.py:190} INFO - [2025-01-03T13:42:46.654+0000] {dag.py:3239} INFO - Sync 1 DAGs
[2025-01-03T13:42:46.683+0000] {processor.py:208} INFO - Processing /opt/airflow/dags/monitoring-dag.py took 2.550 seconds
[2025-01-03T13:43:16.743+0000] {processor.py:186} INFO - Started process (PID=667) to work on /opt/airflow/dags/monitoring-dag.py
[2025-01-03T13:43:16.744+0000] {processor.py:914} INFO - Processing file /opt/airflow/dags/monitoring-dag.py for tasks to queue
[2025-01-03T13:43:16.746+0000] {logging_mixin.py:190} INFO - [2025-01-03T13:43:16.746+0000] {dagbag.py:588} INFO - Filling up the DagBag from /opt/airflow/dags/monitoring-dag.py
[2025-01-03T13:43:19.370+0000] {processor.py:925} INFO - DAG(s) 'detect_data_drift_and_notify' retrieved from /opt/airflow/dags/monitoring-dag.py
[2025-01-03T13:43:19.383+0000] {logging_mixin.py:190} INFO - [2025-01-03T13:43:19.383+0000] {dag.py:3239} INFO - Sync 1 DAGs
[2025-01-03T13:43:19.413+0000] {processor.py:208} INFO - Processing /opt/airflow/dags/monitoring-dag.py took 2.676 seconds
[2025-01-03T13:43:49.628+0000] {processor.py:186} INFO - Started process (PID=694) to work on /opt/airflow/dags/monitoring-dag.py
[2025-01-03T13:43:49.629+0000] {processor.py:914} INFO - Processing file /opt/airflow/dags/monitoring-dag.py for tasks to queue
[2025-01-03T13:43:49.631+0000] {logging_mixin.py:190} INFO - [2025-01-03T13:43:49.631+0000] {dagbag.py:588} INFO - Filling up the DagBag from /opt/airflow/dags/monitoring-dag.py
[2025-01-03T13:43:52.241+0000] {processor.py:925} INFO - DAG(s) 'detect_data_drift_and_notify' retrieved from /opt/airflow/dags/monitoring-dag.py
[2025-01-03T13:43:52.254+0000] {logging_mixin.py:190} INFO - [2025-01-03T13:43:52.254+0000] {dag.py:3239} INFO - Sync 1 DAGs
[2025-01-03T13:43:52.283+0000] {processor.py:208} INFO - Processing /opt/airflow/dags/monitoring-dag.py took 2.660 seconds
[2025-01-03T13:44:22.488+0000] {processor.py:186} INFO - Started process (PID=722) to work on /opt/airflow/dags/monitoring-dag.py
[2025-01-03T13:44:22.489+0000] {processor.py:914} INFO - Processing file /opt/airflow/dags/monitoring-dag.py for tasks to queue
[2025-01-03T13:44:22.492+0000] {logging_mixin.py:190} INFO - [2025-01-03T13:44:22.492+0000] {dagbag.py:588} INFO - Filling up the DagBag from /opt/airflow/dags/monitoring-dag.py
[2025-01-03T13:44:25.158+0000] {processor.py:925} INFO - DAG(s) 'detect_data_drift_and_notify' retrieved from /opt/airflow/dags/monitoring-dag.py
[2025-01-03T13:44:25.170+0000] {logging_mixin.py:190} INFO - [2025-01-03T13:44:25.169+0000] {dag.py:3239} INFO - Sync 1 DAGs
[2025-01-03T13:44:25.200+0000] {processor.py:208} INFO - Processing /opt/airflow/dags/monitoring-dag.py took 2.717 seconds
[2025-01-03T13:44:55.439+0000] {processor.py:186} INFO - Started process (PID=749) to work on /opt/airflow/dags/monitoring-dag.py
[2025-01-03T13:44:55.440+0000] {processor.py:914} INFO - Processing file /opt/airflow/dags/monitoring-dag.py for tasks to queue
[2025-01-03T13:44:55.443+0000] {logging_mixin.py:190} INFO - [2025-01-03T13:44:55.442+0000] {dagbag.py:588} INFO - Filling up the DagBag from /opt/airflow/dags/monitoring-dag.py
[2025-01-03T13:44:58.163+0000] {processor.py:925} INFO - DAG(s) 'detect_data_drift_and_notify' retrieved from /opt/airflow/dags/monitoring-dag.py
[2025-01-03T13:44:58.175+0000] {logging_mixin.py:190} INFO - [2025-01-03T13:44:58.175+0000] {dag.py:3239} INFO - Sync 1 DAGs
[2025-01-03T13:44:58.207+0000] {processor.py:208} INFO - Processing /opt/airflow/dags/monitoring-dag.py took 2.774 seconds
[2025-01-03T13:45:28.436+0000] {processor.py:186} INFO - Started process (PID=776) to work on /opt/airflow/dags/monitoring-dag.py
[2025-01-03T13:45:28.437+0000] {processor.py:914} INFO - Processing file /opt/airflow/dags/monitoring-dag.py for tasks to queue
[2025-01-03T13:45:28.439+0000] {logging_mixin.py:190} INFO - [2025-01-03T13:45:28.439+0000] {dagbag.py:588} INFO - Filling up the DagBag from /opt/airflow/dags/monitoring-dag.py
[2025-01-03T13:45:31.026+0000] {processor.py:925} INFO - DAG(s) 'detect_data_drift_and_notify' retrieved from /opt/airflow/dags/monitoring-dag.py
[2025-01-03T13:45:31.037+0000] {logging_mixin.py:190} INFO - [2025-01-03T13:45:31.036+0000] {dag.py:3239} INFO - Sync 1 DAGs
[2025-01-03T13:45:31.064+0000] {processor.py:208} INFO - Processing /opt/airflow/dags/monitoring-dag.py took 2.635 seconds
[2025-01-03T13:46:01.257+0000] {processor.py:186} INFO - Started process (PID=803) to work on /opt/airflow/dags/monitoring-dag.py
[2025-01-03T13:46:01.259+0000] {processor.py:914} INFO - Processing file /opt/airflow/dags/monitoring-dag.py for tasks to queue
[2025-01-03T13:46:01.261+0000] {logging_mixin.py:190} INFO - [2025-01-03T13:46:01.261+0000] {dagbag.py:588} INFO - Filling up the DagBag from /opt/airflow/dags/monitoring-dag.py
[2025-01-03T13:46:03.921+0000] {processor.py:925} INFO - DAG(s) 'detect_data_drift_and_notify' retrieved from /opt/airflow/dags/monitoring-dag.py
[2025-01-03T13:46:03.932+0000] {logging_mixin.py:190} INFO - [2025-01-03T13:46:03.932+0000] {dag.py:3239} INFO - Sync 1 DAGs
[2025-01-03T13:46:03.961+0000] {processor.py:208} INFO - Processing /opt/airflow/dags/monitoring-dag.py took 2.709 seconds
[2025-01-03T13:46:34.236+0000] {processor.py:186} INFO - Started process (PID=830) to work on /opt/airflow/dags/monitoring-dag.py
[2025-01-03T13:46:34.237+0000] {processor.py:914} INFO - Processing file /opt/airflow/dags/monitoring-dag.py for tasks to queue
[2025-01-03T13:46:34.240+0000] {logging_mixin.py:190} INFO - [2025-01-03T13:46:34.239+0000] {dagbag.py:588} INFO - Filling up the DagBag from /opt/airflow/dags/monitoring-dag.py
[2025-01-03T13:46:36.914+0000] {processor.py:925} INFO - DAG(s) 'detect_data_drift_and_notify' retrieved from /opt/airflow/dags/monitoring-dag.py
[2025-01-03T13:46:36.926+0000] {logging_mixin.py:190} INFO - [2025-01-03T13:46:36.925+0000] {dag.py:3239} INFO - Sync 1 DAGs
[2025-01-03T13:46:36.956+0000] {processor.py:208} INFO - Processing /opt/airflow/dags/monitoring-dag.py took 2.726 seconds
[2025-01-03T13:47:07.229+0000] {processor.py:186} INFO - Started process (PID=857) to work on /opt/airflow/dags/monitoring-dag.py
[2025-01-03T13:47:07.230+0000] {processor.py:914} INFO - Processing file /opt/airflow/dags/monitoring-dag.py for tasks to queue
[2025-01-03T13:47:07.232+0000] {logging_mixin.py:190} INFO - [2025-01-03T13:47:07.232+0000] {dagbag.py:588} INFO - Filling up the DagBag from /opt/airflow/dags/monitoring-dag.py
[2025-01-03T13:47:09.887+0000] {processor.py:925} INFO - DAG(s) 'detect_data_drift_and_notify' retrieved from /opt/airflow/dags/monitoring-dag.py
[2025-01-03T13:47:09.899+0000] {logging_mixin.py:190} INFO - [2025-01-03T13:47:09.899+0000] {dag.py:3239} INFO - Sync 1 DAGs
[2025-01-03T13:47:09.928+0000] {processor.py:208} INFO - Processing /opt/airflow/dags/monitoring-dag.py took 2.706 seconds
[2025-01-03T13:47:40.136+0000] {processor.py:186} INFO - Started process (PID=884) to work on /opt/airflow/dags/monitoring-dag.py
[2025-01-03T13:47:40.137+0000] {processor.py:914} INFO - Processing file /opt/airflow/dags/monitoring-dag.py for tasks to queue
[2025-01-03T13:47:40.139+0000] {logging_mixin.py:190} INFO - [2025-01-03T13:47:40.139+0000] {dagbag.py:588} INFO - Filling up the DagBag from /opt/airflow/dags/monitoring-dag.py
[2025-01-03T13:47:42.677+0000] {processor.py:925} INFO - DAG(s) 'detect_data_drift_and_notify' retrieved from /opt/airflow/dags/monitoring-dag.py
[2025-01-03T13:47:42.687+0000] {logging_mixin.py:190} INFO - [2025-01-03T13:47:42.687+0000] {dag.py:3239} INFO - Sync 1 DAGs
[2025-01-03T13:47:42.715+0000] {processor.py:208} INFO - Processing /opt/airflow/dags/monitoring-dag.py took 2.585 seconds
